0.398739 0.502828 -1 WVOR
0.638352 0.0658435 -1 BMN
0.823627 -0.298716 1 PAH
0.566833 -0.271532 1 KVN
0.831838 -0.49797 1 BEK
0.51252 -0.386201 1 NV31
0.497711 -0.383814 1 RYN
0.680797 -0.55146 1 VCN
0.450732 -0.378273 1 YER
0.623494 -0.598782 1 PNT
0.632804 -0.693127 1 SRVL
0.356326 -0.468275 1 WAK
0.457349 -0.735863 1 RUB
0.141553 -0.57115 1 CMB
0.141553 -0.57115 1 CMB
-0.00548302 -0.581666 1 CLE
-0.0118473 -0.641629 1 MOD
-0.0758136 -0.583526 1 ELK
-0.0821675 -0.618657 1 PLA
-0.0800417 -0.596511 1 WHR
-0.0875897 -0.59545 1 MCD
-0.0941669 -0.580846 1 EMR
-0.111094 -0.591515 1 CEC
-0.118502 -0.612735 1 BYR
-0.120295 -0.589713 1 SRT
-0.142247 -0.570978 1 SIA
-0.188083 -0.555192 -1 DIX
-0.3623 -0.513583 -1 MCCM
-0.3623 -0.513583 -1 MCCM
-0.866402 -0.00304242 -1 O02D
-0.866402 -0.00304242 -1 O02D
-0.640366 0.0419471 -1 S01B
-0.639394 0.0548066 -1 S06B
-0.639366 0.05513 -1 S05B
-0.638193 0.0673656 -1 S09B
-0.935853 0.171245 -1 O03E
-0.935853 0.171245 -1 O03E
-0.892848 0.312337 -1 WDC
-0.892848 0.312337 -1 WDC
-0.741638 0.470064 1 N02D
-0.741638 0.470064 1 N02D
-0.423407 0.378869 1 M02C
-0.423407 0.378869 1 M02C
-0.442765 0.464529 1 L02E
-0.442765 0.464529 1 L02E
-0.321826 0.555208 1 HUMO
-0.321826 0.555208 1 HUMO
-0.250613 0.547198 1 L04D
-0.250613 0.547198 1 L04D
-0.24526 0.66514 1 M04C
-0.24526 0.66514 1 M04C
-0.130856 0.61474 1 K04D
-0.130856 0.61474 1 K04D
